<?xml version="1.0" encoding="UTF-8"?>
<testsuite name="com.example.graphqlserver.GraphqlServerApplicationTests" tests="1" skipped="0" failures="0" errors="0" timestamp="2025-06-27T18:48:57.709Z" hostname="Mac.fios-router.home" time="0.069">
  <properties/>
  <testcase name="contextLoads()" classname="com.example.graphqlserver.GraphqlServerApplicationTests" time="0.069"/>
  <system-out><![CDATA[14:48:57.057 [Test worker] DEBUG org.springframework.boot.test.context.SpringBootTestContextBootstrapper - Neither @ContextConfiguration nor @ContextHierarchy found for test class [GraphqlServerApplicationTests]: using SpringBootContextLoader
14:48:57.060 [Test worker] DEBUG org.springframework.test.context.support.AbstractContextLoader - Could not detect default resource locations for test class [com.example.graphqlserver.GraphqlServerApplicationTests]: no resource found for suffixes {-context.xml, Context.groovy}.
14:48:57.060 [Test worker] INFO org.springframework.test.context.support.AnnotationConfigContextLoaderUtils - Could not detect default configuration classes for test class [com.example.graphqlserver.GraphqlServerApplicationTests]: GraphqlServerApplicationTests does not declare any static, non-private, non-final, nested classes annotated with @Configuration.
14:48:57.068 [Test worker] DEBUG org.springframework.boot.test.context.SpringBootTestContextBootstrapper - Using ContextCustomizers for test class [GraphqlServerApplicationTests]: [DisableObservabilityContextCustomizer, PropertyMappingContextCustomizer, Customizer, ExcludeFilterContextCustomizer, HttpGraphQlTesterContextCustomizer, DuplicateJsonObjectContextCustomizer, MockitoContextCustomizer, TestRestTemplateContextCustomizer]
14:48:57.090 [Test worker] DEBUG org.springframework.context.annotation.ClassPathScanningCandidateComponentProvider - Identified candidate component class: file [/Users/whoshotnate/Desktop/coding/school/SER421-Summer25/Week 5/Activity2/BooktownGraphQl/build/classes/java/main/com/example/graphqlserver/GraphqlServerApplication.class]
14:48:57.090 [Test worker] INFO org.springframework.boot.test.context.SpringBootTestContextBootstrapper - Found @SpringBootConfiguration com.example.graphqlserver.GraphqlServerApplication for test class com.example.graphqlserver.GraphqlServerApplicationTests
14:48:57.118 [Test worker] DEBUG org.springframework.test.context.util.TestContextSpringFactoriesUtils - Skipping candidate TestExecutionListener [org.springframework.test.context.transaction.TransactionalTestExecutionListener] due to a missing dependency. Specify custom TestExecutionListener classes or make the default TestExecutionListener classes and their required dependencies available. Offending class: [org/springframework/transaction/interceptor/TransactionAttributeSource]
14:48:57.119 [Test worker] DEBUG org.springframework.test.context.util.TestContextSpringFactoriesUtils - Skipping candidate TestExecutionListener [org.springframework.test.context.jdbc.SqlScriptsTestExecutionListener] due to a missing dependency. Specify custom TestExecutionListener classes or make the default TestExecutionListener classes and their required dependencies available. Offending class: [org/springframework/transaction/interceptor/TransactionAttribute]
14:48:57.120 [Test worker] DEBUG org.springframework.boot.test.context.SpringBootTestContextBootstrapper - Using TestExecutionListeners for test class [GraphqlServerApplicationTests]: [ServletTestExecutionListener, DirtiesContextBeforeModesTestExecutionListener, ApplicationEventsTestExecutionListener, MockitoTestExecutionListener, DependencyInjectionTestExecutionListener, DirtiesContextTestExecutionListener, EventPublishingTestExecutionListener, RestDocsTestExecutionListener, MockRestServiceServerResetTestExecutionListener, MockMvcPrintOnlyOnFailureTestExecutionListener, WebDriverTestExecutionListener, MockWebServiceServerTestExecutionListener, ResetMocksTestExecutionListener]
14:48:57.120 [Test worker] DEBUG org.springframework.test.context.support.AbstractDirtiesContextTestExecutionListener - Before test class: class [GraphqlServerApplicationTests], class annotated with @DirtiesContext [false] with mode [null]

  .   ____          _            __ _ _
 /\\ / ___'_ __ _ _(_)_ __  __ _ \ \ \ \
( ( )\___ | '_ | '_| | '_ \/ _` | \ \ \ \
 \\/  ___)| |_)| | | | | || (_| |  ) ) ) )
  '  |____| .__|_| |_|_| |_\__, | / / / /
 =========|_|==============|___/=/_/_/_/
 :: Spring Boot ::                (v3.0.1)

2025-06-27T14:48:57.207-04:00  INFO 11126 --- [    Test worker] c.e.g.GraphqlServerApplicationTests      : Starting GraphqlServerApplicationTests using Java 21.0.7 with PID 11126 (started by whoshotnate in /Users/whoshotnate/Desktop/coding/school/SER421-Summer25/Week 5/Activity2/BooktownGraphQl)
2025-06-27T14:48:57.208-04:00  INFO 11126 --- [    Test worker] c.e.g.GraphqlServerApplicationTests      : No active profile set, falling back to 1 default profile: "default"
2025-06-27T14:48:57.619-04:00  INFO 11126 --- [    Test worker] efaultSchemaResourceGraphQlSourceBuilder : Loaded 1 resource(s) in the GraphQL schema.
2025-06-27T14:48:57.677-04:00  INFO 11126 --- [    Test worker] s.b.a.g.s.GraphQlWebMvcAutoConfiguration : GraphQL endpoint HTTP POST /graphql
2025-06-27T14:48:57.704-04:00  INFO 11126 --- [    Test worker] c.e.g.GraphqlServerApplicationTests      : Started GraphqlServerApplicationTests in 0.569 seconds (process running for 0.95)
]]></system-out>
  <system-err><![CDATA[]]></system-err>
</testsuite>
